<?xml version="1.0" encoding="UTF-8"?>
<testng-results ignored="0" total="1" passed="1" failed="0" skipped="0">
  <reporter-output>
  </reporter-output>
  <suite started-at="2024-06-02T10:28:26 IST" name="Default suite" finished-at="2024-06-02T10:28:34 IST" duration-ms="7845">
    <groups>
      <group name="cucumber">
        <method signature="AbstractTestNGCucumberTests.runScenario(io.cucumber.testng.PickleWrapper,io.cucumber.testng.FeatureWrapper)[pri:0, instance:cucumberRunner.failedtestngrunner@2df3b89c]" name="runScenario" class="io.cucumber.testng.AbstractTestNGCucumberTests"/>
      </group> <!-- cucumber -->
    </groups>
    <test started-at="2024-06-02T10:28:26 IST" name="Default test" finished-at="2024-06-02T10:28:34 IST" duration-ms="7845">
      <class name="cucumberRunner.failedtestngrunner">
        <test-method is-config="true" signature="setUpClass(org.testng.ITestContext)[pri:0, instance:cucumberRunner.failedtestngrunner@2df3b89c]" started-at="2024-06-02T10:28:26 IST" name="setUpClass" finished-at="2024-06-02T10:28:27 IST" duration-ms="1203" status="PASS">
          <params>
            <param index="0">
              <value>
                <![CDATA[org.testng.TestRunner@d919544]]>
              </value>
            </param>
          </params>
          <reporter-output>
          </reporter-output>
        </test-method> <!-- setUpClass -->
        <test-method signature="runScenario(io.cucumber.testng.PickleWrapper,io.cucumber.testng.FeatureWrapper)[pri:0, instance:cucumberRunner.failedtestngrunner@2df3b89c]" started-at="2024-06-02T10:28:27 IST" name="runScenario" description="Runs Cucumber Scenarios" data-provider="scenarios" finished-at="2024-06-02T10:28:33 IST" duration-ms="5691" status="PASS">
          <params>
            <param index="0">
              <value>
                <![CDATA["Validating the search-box"]]>
              </value>
            </param>
            <param index="1">
              <value>
                <![CDATA["Validating the Home-page"]]>
              </value>
            </param>
          </params>
          <reporter-output>
          </reporter-output>
        </test-method> <!-- runScenario -->
        <test-method is-config="true" signature="tearDownClass()[pri:0, instance:cucumberRunner.failedtestngrunner@2df3b89c]" started-at="2024-06-02T10:28:33 IST" name="tearDownClass" finished-at="2024-06-02T10:28:34 IST" duration-ms="881" status="PASS">
          <reporter-output>
          </reporter-output>
        </test-method> <!-- tearDownClass -->
      </class> <!-- cucumberRunner.failedtestngrunner -->
    </test> <!-- Default test -->
  </suite> <!-- Default suite -->
</testng-results>
